c:\users\joseph\documents\visual studio 2017\projects\511assignment\511assignment\debug\vc141.pdb
c:\users\joseph\documents\visual studio 2017\projects\511assignment\511assignment\debug\vc141.idb
c:\users\joseph\documents\visual studio 2017\projects\511assignment\511assignment\debug\vector3d.obj
c:\users\joseph\documents\visual studio 2017\projects\511assignment\511assignment\debug\quadmesh.obj
c:\users\joseph\documents\visual studio 2017\projects\511assignment\511assignment\debug\main.obj
c:\users\joseph\documents\visual studio 2017\projects\511assignment\511assignment\debug\cubemesh.obj
c:\users\joseph\documents\visual studio 2017\projects\511assignment\511assignment\debug\quadmeshnormal.obj
c:\users\joseph\documents\visual studio 2017\projects\511assignment\511assignment\debug\buildingmesh.obj
c:\users\joseph\documents\visual studio 2017\projects\511assignment\debug\511assignment.pdb
c:\users\joseph\documents\visual studio 2017\projects\511assignment\511assignment\debug\511assignment.tlog\cl.command.1.tlog
c:\users\joseph\documents\visual studio 2017\projects\511assignment\511assignment\debug\511assignment.tlog\cl.read.1.tlog
c:\users\joseph\documents\visual studio 2017\projects\511assignment\511assignment\debug\511assignment.tlog\cl.write.1.tlog
c:\users\joseph\documents\visual studio 2017\projects\511assignment\511assignment\debug\511assignment.tlog\link-cvtres.read.1.tlog
c:\users\joseph\documents\visual studio 2017\projects\511assignment\511assignment\debug\511assignment.tlog\link-cvtres.write.1.tlog
c:\users\joseph\documents\visual studio 2017\projects\511assignment\511assignment\debug\511assignment.tlog\link-rc.read.1.tlog
c:\users\joseph\documents\visual studio 2017\projects\511assignment\511assignment\debug\511assignment.tlog\link-rc.write.1.tlog
c:\users\joseph\documents\visual studio 2017\projects\511assignment\511assignment\debug\511assignment.tlog\link.17540-cvtres.read.1.tlog
c:\users\joseph\documents\visual studio 2017\projects\511assignment\511assignment\debug\511assignment.tlog\link.17540-cvtres.write.1.tlog
c:\users\joseph\documents\visual studio 2017\projects\511assignment\511assignment\debug\511assignment.tlog\link.17540-rc.read.1.tlog
c:\users\joseph\documents\visual studio 2017\projects\511assignment\511assignment\debug\511assignment.tlog\link.17540-rc.write.1.tlog
c:\users\joseph\documents\visual studio 2017\projects\511assignment\511assignment\debug\511assignment.tlog\link.17540.read.1.tlog
c:\users\joseph\documents\visual studio 2017\projects\511assignment\511assignment\debug\511assignment.tlog\link.17540.write.1.tlog
c:\users\joseph\documents\visual studio 2017\projects\511assignment\511assignment\debug\511assignment.tlog\link.command.1.tlog
c:\users\joseph\documents\visual studio 2017\projects\511assignment\511assignment\debug\511assignment.tlog\link.read.1.tlog
c:\users\joseph\documents\visual studio 2017\projects\511assignment\511assignment\debug\511assignment.tlog\link.write.1.tlog
c:\users\joseph\documents\visual studio 2017\projects\511assignment\511assignment\debug\511assignment.tlog\rc.command.1.tlog
c:\users\joseph\documents\visual studio 2017\projects\511assignment\511assignment\debug\511assignment.tlog\rc.read.1.tlog
c:\users\joseph\documents\visual studio 2017\projects\511assignment\511assignment\debug\511assignment.tlog\rc.write.1.tlog
