  main.c
c:\users\joseph\documents\visual studio 2017\projects\511assignment\include\texturemap.h(142): warning C4018: '<': signed/unsigned mismatch
c:\users\joseph\documents\visual studio 2017\projects\511assignment\include\texturemap.h(144): warning C4018: '<': signed/unsigned mismatch
c:\users\joseph\documents\visual studio 2017\projects\511assignment\include\main.c(45): warning C4305: 'initializing': truncation from 'double' to 'float'
c:\users\joseph\documents\visual studio 2017\projects\511assignment\include\main.c(261): warning C4305: '+=': truncation from 'double' to 'float'
c:\users\joseph\documents\visual studio 2017\projects\511assignment\include\main.c(270): warning C4244: '+=': conversion from 'double' to 'float', possible loss of data
c:\users\joseph\documents\visual studio 2017\projects\511assignment\include\main.c(271): warning C4244: '-=': conversion from 'double' to 'float', possible loss of data
c:\users\joseph\documents\visual studio 2017\projects\511assignment\include\main.c(280): warning C4013: 'drawCube' undefined; assuming extern returning int
c:\users\joseph\documents\visual studio 2017\projects\511assignment\include\main.c(297): warning C4013: 'drawDrone' undefined; assuming extern returning int
c:\users\joseph\documents\visual studio 2017\projects\511assignment\include\main.c(310): warning C4013: 'drawDrone2' undefined; assuming extern returning int
c:\users\joseph\documents\visual studio 2017\projects\511assignment\include\main.c(336): warning C4244: 'function': conversion from 'int' to 'GLfloat', possible loss of data
c:\users\joseph\documents\visual studio 2017\projects\511assignment\include\main.c(371): warning C4305: 'function': truncation from 'double' to 'float'
c:\users\joseph\documents\visual studio 2017\projects\511assignment\include\main.c(372): warning C4305: 'function': truncation from 'double' to 'float'
c:\users\joseph\documents\visual studio 2017\projects\511assignment\include\main.c(373): warning C4305: 'function': truncation from 'double' to 'float'
c:\users\joseph\documents\visual studio 2017\projects\511assignment\include\main.c(374): warning C4305: 'function': truncation from 'double' to 'float'
c:\users\joseph\documents\visual studio 2017\projects\511assignment\include\main.c(385): warning C4305: 'function': truncation from 'double' to 'float'
c:\users\joseph\documents\visual studio 2017\projects\511assignment\include\main.c(386): warning C4305: 'function': truncation from 'double' to 'float'
c:\users\joseph\documents\visual studio 2017\projects\511assignment\include\main.c(387): warning C4305: 'function': truncation from 'double' to 'float'
c:\users\joseph\documents\visual studio 2017\projects\511assignment\include\main.c(388): warning C4305: 'function': truncation from 'double' to 'float'
c:\users\joseph\documents\visual studio 2017\projects\511assignment\include\main.c(417): warning C4244: '-=': conversion from 'double' to 'float', possible loss of data
c:\users\joseph\documents\visual studio 2017\projects\511assignment\include\main.c(418): warning C4244: '+=': conversion from 'double' to 'float', possible loss of data
c:\users\joseph\documents\visual studio 2017\projects\511assignment\include\main.c(419): warning C4244: '-=': conversion from 'double' to 'float', possible loss of data
c:\users\joseph\documents\visual studio 2017\projects\511assignment\include\main.c(420): warning C4244: '+=': conversion from 'double' to 'float', possible loss of data
c:\users\joseph\documents\visual studio 2017\projects\511assignment\include\main.c(421): warning C4244: '-=': conversion from 'double' to 'float', possible loss of data
c:\users\joseph\documents\visual studio 2017\projects\511assignment\include\main.c(422): warning C4244: '+=': conversion from 'double' to 'float', possible loss of data
c:\users\joseph\documents\visual studio 2017\projects\511assignment\include\main.c(437): warning C4244: '+=': conversion from 'double' to 'float', possible loss of data
c:\users\joseph\documents\visual studio 2017\projects\511assignment\include\main.c(438): warning C4244: '-=': conversion from 'double' to 'float', possible loss of data
c:\users\joseph\documents\visual studio 2017\projects\511assignment\include\main.c(439): warning C4244: '+=': conversion from 'double' to 'float', possible loss of data
c:\users\joseph\documents\visual studio 2017\projects\511assignment\include\main.c(440): warning C4244: '-=': conversion from 'double' to 'float', possible loss of data
c:\users\joseph\documents\visual studio 2017\projects\511assignment\include\main.c(441): warning C4244: '+=': conversion from 'double' to 'float', possible loss of data
c:\users\joseph\documents\visual studio 2017\projects\511assignment\include\main.c(442): warning C4244: '-=': conversion from 'double' to 'float', possible loss of data
  511Assignment.vcxproj -> C:\Users\Joseph\Documents\Visual Studio 2017\Projects\511Assignment\Debug\511Assignment.exe
